2017-06-17 13:08:03: minidump.cc:4811: INFO: Minidump opened minidump a32acd69-0d4a-4630-a1e8-6ebc6b7ac502.dmp
2017-06-17 13:08:03: minidump.cc:4931: INFO: Minidump not byte-swapping minidump
2017-06-17 13:08:03: minidump.cc:5414: INFO: GetStream: type 1197932546 not present
2017-06-17 13:08:03: minidump.cc:2182: INFO: MinidumpModule could not determine version for C:\src\qmake\build-qt_example-Desktop_Qt_5_8_0_MSVC2015_32bit-Default\qt_example.exe
2017-06-17 13:08:03: minidump.cc:2182: INFO: MinidumpModule could not determine version for C:\src\qmake\build-qt_example-Desktop_Qt_5_8_0_MSVC2015_32bit-Default\qt_example.exe
2017-06-17 13:08:03: minidump.cc:5414: INFO: GetStream: type 14 not present
2017-06-17 13:08:03: minidump_processor.cc:152: INFO: Found 16 memory regions.
2017-06-17 13:08:03: minidump_processor.cc:162: INFO: Minidump a32acd69-0d4a-4630-a1e8-6ebc6b7ac502.dmp has CPU info, OS info, Breakpad info, exception, module list, thread list, dump thread, requesting thread, and process create time
2017-06-17 13:08:03: minidump_processor.cc:201: INFO: Looking at thread a32acd69-0d4a-4630-a1e8-6ebc6b7ac502.dmp:0/11 id 0x2064
2017-06-17 13:08:03: source_line_resolver_base.cc:236: INFO: Loading symbols for module C:\Qt\5.8\msvc2015\bin\Qt5Cored.dll from memory buffer
2017-06-17 13:08:04: basic_code_modules.cc:110: INFO: No module at 0x10ff9d8
2017-06-17 13:08:04: source_line_resolver_base.cc:236: INFO: Loading symbols for module C:\src\qmake\build-qt_example-Desktop_Qt_5_8_0_MSVC2015_32bit-Default\qt_example.exe from memory buffer
2017-06-17 13:08:04: basic_code_modules.cc:110: INFO: No module at 0x10ff9f0
2017-06-17 13:08:04: basic_code_modules.cc:110: INFO: No module at 0x10ffa70
2017-06-17 13:08:04: basic_code_modules.cc:110: INFO: No module at 0x10ffa84
2017-06-17 13:08:04: basic_code_modules.cc:110: INFO: No module at 0x327a88
2017-06-17 13:08:04: basic_code_modules.cc:110: INFO: No module at 0x10ffadc
2017-06-17 13:08:04: basic_code_modules.cc:110: INFO: No module at 0x10ffae4
2017-06-17 13:08:04: basic_code_modules.cc:110: INFO: No module at 0x10ffaec
2017-06-17 13:08:04: basic_code_modules.cc:110: INFO: No module at 0x10ffb00
2017-06-17 13:08:04: simple_symbol_supplier.cc:196: INFO: No symbol file at symbols/wkernel32.pdb/A21DD779F249E7083A11BBCC2511AB5F1/wkernel32.sym
2017-06-17 13:08:04: stackwalker.cc:98: INFO: Couldn't load symbols for: wkernel32.pdb|A21DD779F249E7083A11BBCC2511AB5F1
2017-06-17 13:08:04: simple_symbol_supplier.cc:196: INFO: No symbol file at symbols/wntdll.pdb/EF9158BFE24E6ADB1193CA426B70DFEA1/wntdll.sym
2017-06-17 13:08:04: stackwalker.cc:98: INFO: Couldn't load symbols for: wntdll.pdb|EF9158BFE24E6ADB1193CA426B70DFEA1
2017-06-17 13:08:04: minidump_processor.cc:201: INFO: Looking at thread a32acd69-0d4a-4630-a1e8-6ebc6b7ac502.dmp:1/11 id 0x1790
2017-06-17 13:08:04: minidump_processor.cc:201: INFO: Looking at thread a32acd69-0d4a-4630-a1e8-6ebc6b7ac502.dmp:2/11 id 0x1f8c
2017-06-17 13:08:04: minidump_processor.cc:201: INFO: Looking at thread a32acd69-0d4a-4630-a1e8-6ebc6b7ac502.dmp:3/11 id 0x1cf0
2017-06-17 13:08:04: minidump_processor.cc:201: INFO: Looking at thread a32acd69-0d4a-4630-a1e8-6ebc6b7ac502.dmp:4/11 id 0xff4
2017-06-17 13:08:04: minidump_processor.cc:201: INFO: Looking at thread a32acd69-0d4a-4630-a1e8-6ebc6b7ac502.dmp:5/11 id 0x115c
2017-06-17 13:08:04: simple_symbol_supplier.cc:196: INFO: No symbol file at symbols/wuser32.pdb/100112F7FB400E618355D837C7B6A0311/wuser32.sym
2017-06-17 13:08:04: stackwalker.cc:98: INFO: Couldn't load symbols for: wuser32.pdb|100112F7FB400E618355D837C7B6A0311
2017-06-17 13:08:04: basic_code_modules.cc:110: INFO: No module at 0x33adf0
2017-06-17 13:08:04: basic_code_modules.cc:110: INFO: No module at 0x4c74bf68
2017-06-17 13:08:04: basic_code_modules.cc:110: INFO: No module at 0x2e3f88c
2017-06-17 13:08:04: basic_code_modules.cc:110: INFO: No module at 0x2e3f898
2017-06-17 13:08:04: basic_code_modules.cc:110: INFO: No module at 0x2e3f8d8
2017-06-17 13:08:04: basic_code_modules.cc:110: INFO: No module at 0x2e3f8e4
2017-06-17 13:08:04: source_line_resolver_base.cc:236: INFO: Loading symbols for module C:\Qt\5.8\msvc2015\bin\Qt5Qmld.dll from memory buffer
2017-06-17 13:08:05: basic_code_modules.cc:110: INFO: No module at 0x2e3f928
2017-06-17 13:08:05: basic_code_modules.cc:110: INFO: No module at 0x2e3f93c
2017-06-17 13:08:05: minidump_processor.cc:201: INFO: Looking at thread a32acd69-0d4a-4630-a1e8-6ebc6b7ac502.dmp:6/11 id 0x2b80
2017-06-17 13:08:05: minidump_processor.cc:201: INFO: Looking at thread a32acd69-0d4a-4630-a1e8-6ebc6b7ac502.dmp:7/11 id 0x1058
2017-06-17 13:08:05: minidump_processor.cc:201: INFO: Looking at thread a32acd69-0d4a-4630-a1e8-6ebc6b7ac502.dmp:8/11 id 0x1bc
2017-06-17 13:08:05: minidump_processor.cc:201: INFO: Looking at thread a32acd69-0d4a-4630-a1e8-6ebc6b7ac502.dmp:9/11 id 0x20c
2017-06-17 13:08:05: minidump_processor.cc:201: INFO: Looking at thread a32acd69-0d4a-4630-a1e8-6ebc6b7ac502.dmp:10/11 id 0x2180
2017-06-17 13:08:05: simple_symbol_supplier.cc:196: INFO: No symbol file at symbols/combase.pdb/EF62933EE2184C2BCEF297528292694F1/combase.sym
2017-06-17 13:08:05: stackwalker.cc:98: INFO: Couldn't load symbols for: combase.pdb|EF62933EE2184C2BCEF297528292694F1
2017-06-17 13:08:05: minidump_processor.cc:326: INFO: Processed a32acd69-0d4a-4630-a1e8-6ebc6b7ac502.dmp
2017-06-17 13:08:05: minidump.cc:4783: INFO: Minidump closing minidump
